{"C:\\Users\\aleja\\OneDrive\\Escritorio\\Proyectos Personales\\Proyectos - Desplegados\\PERN - FullStack\\server\\src\\router.ts": {"path":"C:\\Users\\aleja\\OneDrive\\Escritorio\\Proyectos Personales\\Proyectos - Desplegados\\PERN - FullStack\\server\\src\\router.ts","statementMap":{"0":{"start":{"line":1,"column":0},"end":{"line":1,"column":33}},"1":{"start":{"line":2,"column":0},"end":{"line":2,"column":48}},"2":{"start":{"line":3,"column":0},"end":{"line":3,"column":null}},"3":{"start":{"line":11,"column":0},"end":{"line":11,"column":49}},"4":{"start":{"line":13,"column":15},"end":{"line":13,"column":23}},"5":{"start":{"line":69,"column":0},"end":{"line":69,"column":29}},"6":{"start":{"line":100,"column":0},"end":{"line":108,"column":2}},"7":{"start":{"line":140,"column":0},"end":{"line":155,"column":2}},"8":{"start":{"line":149,"column":27},"end":{"line":149,"column":36}},"9":{"start":{"line":202,"column":0},"end":{"line":219,"column":2}},"10":{"start":{"line":213,"column":27},"end":{"line":213,"column":36}},"11":{"start":{"line":250,"column":0},"end":{"line":255,"column":2}},"12":{"start":{"line":288,"column":0},"end":{"line":293,"column":2}},"13":{"start":{"line":295,"column":0},"end":{"line":295,"column":22}}},"fnMap":{"0":{"name":"(anonymous_0)","decl":{"start":{"line":149,"column":16},"end":{"line":149,"column":17}},"loc":{"start":{"line":149,"column":27},"end":{"line":149,"column":36}}},"1":{"name":"(anonymous_1)","decl":{"start":{"line":213,"column":16},"end":{"line":213,"column":17}},"loc":{"start":{"line":213,"column":27},"end":{"line":213,"column":36}}}},"branchMap":{},"s":{"0":1,"1":1,"2":1,"3":1,"4":1,"5":1,"6":1,"7":1,"8":3,"9":1,"10":5,"11":1,"12":1,"13":1},"f":{"0":3,"1":5},"b":{}}
,"C:\\Users\\aleja\\OneDrive\\Escritorio\\Proyectos Personales\\Proyectos - Desplegados\\PERN - FullStack\\server\\src\\server.ts": {"path":"C:\\Users\\aleja\\OneDrive\\Escritorio\\Proyectos Personales\\Proyectos - Desplegados\\PERN - FullStack\\server\\src\\server.ts","statementMap":{"0":{"start":{"line":1,"column":0},"end":{"line":1,"column":30}},"1":{"start":{"line":2,"column":0},"end":{"line":2,"column":30}},"2":{"start":{"line":3,"column":0},"end":{"line":3,"column":29}},"3":{"start":{"line":4,"column":0},"end":{"line":4,"column":28}},"4":{"start":{"line":5,"column":0},"end":{"line":5,"column":43}},"5":{"start":{"line":6,"column":0},"end":{"line":6,"column":43}},"6":{"start":{"line":7,"column":0},"end":{"line":7,"column":41}},"7":{"start":{"line":10,"column":0},"end":{"line":22,"column":5}},"8":{"start":{"line":11,"column":4},"end":{"line":21,"column":5}},"9":{"start":{"line":12,"column":8},"end":{"line":12,"column":32}},"10":{"start":{"line":13,"column":8},"end":{"line":13,"column":18}},"11":{"start":{"line":14,"column":8},"end":{"line":14,"column":81}},"12":{"start":{"line":15,"column":8},"end":{"line":15,"column":80}},"13":{"start":{"line":16,"column":8},"end":{"line":16,"column":81}},"14":{"start":{"line":18,"column":8},"end":{"line":18,"column":80}},"15":{"start":{"line":19,"column":8},"end":{"line":19,"column":79}},"16":{"start":{"line":20,"column":8},"end":{"line":20,"column":80}},"17":{"start":{"line":24,"column":15},"end":{"line":24,"column":24}},"18":{"start":{"line":25,"column":0},"end":{"line":25,"column":27}},"19":{"start":{"line":28,"column":33},"end":{"line":36,"column":2}},"20":{"start":{"line":30,"column":8},"end":{"line":34,"column":9}},"21":{"start":{"line":31,"column":12},"end":{"line":31,"column":33}},"22":{"start":{"line":33,"column":12},"end":{"line":33,"column":56}},"23":{"start":{"line":37,"column":0},"end":{"line":37,"column":30}},"24":{"start":{"line":40,"column":0},"end":{"line":40,"column":36}},"25":{"start":{"line":43,"column":0},"end":{"line":43,"column":67}},"26":{"start":{"line":46,"column":0},"end":{"line":46,"column":22}}},"fnMap":{"0":{"name":"conectarBD","decl":{"start":{"line":10,"column":16},"end":{"line":10,"column":26}},"loc":{"start":{"line":10,"column":26},"end":{"line":22,"column":1}}},"1":{"name":"(anonymous_2)","decl":{"start":{"line":29,"column":12},"end":{"line":29,"column":22}},"loc":{"start":{"line":29,"column":38},"end":{"line":35,"column":5}}}},"branchMap":{"0":{"loc":{"start":{"line":30,"column":8},"end":{"line":34,"column":9}},"type":"if","locations":[{"start":{"line":30,"column":8},"end":{"line":34,"column":9}},{"start":{"line":32,"column":15},"end":{"line":34,"column":9}}]},"1":{"loc":{"start":{"line":30,"column":12},"end":{"line":30,"column":74}},"type":"binary-expr","locations":[{"start":{"line":30,"column":12},"end":{"line":30,"column":47}},{"start":{"line":30,"column":51},"end":{"line":30,"column":74}}]}},"s":{"0":1,"1":1,"2":1,"3":1,"4":1,"5":1,"6":1,"7":1,"8":1,"9":1,"10":1,"11":1,"12":1,"13":1,"14":0,"15":0,"16":0,"17":1,"18":1,"19":1,"20":18,"21":18,"22":0,"23":1,"24":1,"25":1,"26":1},"f":{"0":1,"1":18},"b":{"0":[18,0],"1":[18,18]}}
,"C:\\Users\\aleja\\OneDrive\\Escritorio\\Proyectos Personales\\Proyectos - Desplegados\\PERN - FullStack\\server\\src\\config\\db.ts": {"path":"C:\\Users\\aleja\\OneDrive\\Escritorio\\Proyectos Personales\\Proyectos - Desplegados\\PERN - FullStack\\server\\src\\config\\db.ts","statementMap":{"0":{"start":{"line":1,"column":0},"end":{"line":1,"column":49}},"1":{"start":{"line":2,"column":0},"end":{"line":2,"column":28}},"2":{"start":{"line":3,"column":0},"end":{"line":3,"column":16}},"3":{"start":{"line":5,"column":11},"end":{"line":8,"column":2}},"4":{"start":{"line":10,"column":0},"end":{"line":10,"column":18}}},"fnMap":{},"branchMap":{},"s":{"0":1,"1":1,"2":1,"3":1,"4":1},"f":{},"b":{}}
,"C:\\Users\\aleja\\OneDrive\\Escritorio\\Proyectos Personales\\Proyectos - Desplegados\\PERN - FullStack\\server\\src\\config\\swagger.ts": {"path":"C:\\Users\\aleja\\OneDrive\\Escritorio\\Proyectos Personales\\Proyectos - Desplegados\\PERN - FullStack\\server\\src\\config\\swagger.ts","statementMap":{"0":{"start":{"line":1,"column":0},"end":{"line":1,"column":41}},"1":{"start":{"line":3,"column":38},"end":{"line":20,"column":2}},"2":{"start":{"line":22,"column":20},"end":{"line":22,"column":41}},"3":{"start":{"line":23,"column":0},"end":{"line":23,"column":27}}},"fnMap":{},"branchMap":{},"s":{"0":1,"1":1,"2":1,"3":1},"f":{},"b":{}}
,"C:\\Users\\aleja\\OneDrive\\Escritorio\\Proyectos Personales\\Proyectos - Desplegados\\PERN - FullStack\\server\\src\\handlers\\products.ts": {"path":"C:\\Users\\aleja\\OneDrive\\Escritorio\\Proyectos Personales\\Proyectos - Desplegados\\PERN - FullStack\\server\\src\\handlers\\products.ts","statementMap":{"0":{"start":{"line":2,"column":0},"end":{"line":2,"column":47}},"1":{"start":{"line":4,"column":27},"end":{"line":12,"column":1}},"2":{"start":{"line":5,"column":4},"end":{"line":11,"column":22}},"3":{"start":{"line":7,"column":25},"end":{"line":9,"column":10}},"4":{"start":{"line":10,"column":8},"end":{"line":10,"column":37}},"5":{"start":{"line":4,"column":13},"end":{"line":4,"column":27}},"6":{"start":{"line":14,"column":30},"end":{"line":30,"column":1}},"7":{"start":{"line":15,"column":4},"end":{"line":29,"column":22}},"8":{"start":{"line":17,"column":23},"end":{"line":17,"column":33}},"9":{"start":{"line":18,"column":24},"end":{"line":20,"column":10}},"10":{"start":{"line":23,"column":8},"end":{"line":26,"column":9}},"11":{"start":{"line":24,"column":12},"end":{"line":24,"column":70}},"12":{"start":{"line":25,"column":12},"end":{"line":25,"column":19}},"13":{"start":{"line":28,"column":8},"end":{"line":28,"column":36}},"14":{"start":{"line":14,"column":13},"end":{"line":14,"column":30}},"15":{"start":{"line":32,"column":29},"end":{"line":62,"column":1}},"16":{"start":{"line":56,"column":4},"end":{"line":61,"column":5}},"17":{"start":{"line":57,"column":24},"end":{"line":57,"column":55}},"18":{"start":{"line":58,"column":8},"end":{"line":58,"column":48}},"19":{"start":{"line":60,"column":8},"end":{"line":60,"column":27}},"20":{"start":{"line":32,"column":13},"end":{"line":32,"column":29}},"21":{"start":{"line":64,"column":29},"end":{"line":79,"column":1}},"22":{"start":{"line":65,"column":19},"end":{"line":65,"column":29}},"23":{"start":{"line":67,"column":20},"end":{"line":67,"column":47}},"24":{"start":{"line":69,"column":4},"end":{"line":72,"column":5}},"25":{"start":{"line":70,"column":8},"end":{"line":70,"column":66}},"26":{"start":{"line":71,"column":8},"end":{"line":71,"column":15}},"27":{"start":{"line":75,"column":4},"end":{"line":75,"column":35}},"28":{"start":{"line":76,"column":4},"end":{"line":76,"column":25}},"29":{"start":{"line":78,"column":4},"end":{"line":78,"column":32}},"30":{"start":{"line":64,"column":13},"end":{"line":64,"column":29}},"31":{"start":{"line":81,"column":34},"end":{"line":94,"column":1}},"32":{"start":{"line":82,"column":19},"end":{"line":82,"column":29}},"33":{"start":{"line":83,"column":20},"end":{"line":83,"column":47}},"34":{"start":{"line":85,"column":4},"end":{"line":88,"column":5}},"35":{"start":{"line":86,"column":8},"end":{"line":86,"column":66}},"36":{"start":{"line":87,"column":8},"end":{"line":87,"column":15}},"37":{"start":{"line":91,"column":4},"end":{"line":91,"column":60}},"38":{"start":{"line":92,"column":4},"end":{"line":92,"column":25}},"39":{"start":{"line":93,"column":4},"end":{"line":93,"column":32}},"40":{"start":{"line":81,"column":13},"end":{"line":81,"column":34}},"41":{"start":{"line":96,"column":29},"end":{"line":109,"column":1}},"42":{"start":{"line":97,"column":19},"end":{"line":97,"column":29}},"43":{"start":{"line":98,"column":20},"end":{"line":98,"column":47}},"44":{"start":{"line":100,"column":4},"end":{"line":103,"column":5}},"45":{"start":{"line":101,"column":8},"end":{"line":101,"column":66}},"46":{"start":{"line":102,"column":8},"end":{"line":102,"column":15}},"47":{"start":{"line":106,"column":4},"end":{"line":106,"column":22}},"48":{"start":{"line":108,"column":4},"end":{"line":108,"column":45}},"49":{"start":{"line":96,"column":13},"end":{"line":96,"column":29}}},"fnMap":{"0":{"name":"(anonymous_1)","decl":{"start":{"line":4,"column":27},"end":{"line":4,"column":32}},"loc":{"start":{"line":4,"column":65},"end":{"line":12,"column":1}}},"1":{"name":"(anonymous_2)","decl":{"start":{"line":14,"column":30},"end":{"line":14,"column":35}},"loc":{"start":{"line":14,"column":68},"end":{"line":30,"column":1}}},"2":{"name":"(anonymous_3)","decl":{"start":{"line":32,"column":29},"end":{"line":32,"column":34}},"loc":{"start":{"line":32,"column":67},"end":{"line":62,"column":1}}},"3":{"name":"(anonymous_4)","decl":{"start":{"line":64,"column":29},"end":{"line":64,"column":34}},"loc":{"start":{"line":64,"column":67},"end":{"line":79,"column":1}}},"4":{"name":"(anonymous_5)","decl":{"start":{"line":81,"column":34},"end":{"line":81,"column":39}},"loc":{"start":{"line":81,"column":72},"end":{"line":94,"column":1}}},"5":{"name":"(anonymous_6)","decl":{"start":{"line":96,"column":29},"end":{"line":96,"column":34}},"loc":{"start":{"line":96,"column":67},"end":{"line":109,"column":1}}}},"branchMap":{"0":{"loc":{"start":{"line":23,"column":8},"end":{"line":26,"column":9}},"type":"if","locations":[{"start":{"line":23,"column":8},"end":{"line":26,"column":9}}]},"1":{"loc":{"start":{"line":69,"column":4},"end":{"line":72,"column":5}},"type":"if","locations":[{"start":{"line":69,"column":4},"end":{"line":72,"column":5}}]},"2":{"loc":{"start":{"line":85,"column":4},"end":{"line":88,"column":5}},"type":"if","locations":[{"start":{"line":85,"column":4},"end":{"line":88,"column":5}}]},"3":{"loc":{"start":{"line":100,"column":4},"end":{"line":103,"column":5}},"type":"if","locations":[{"start":{"line":100,"column":4},"end":{"line":103,"column":5}}]}},"s":{"0":1,"1":1,"2":2,"3":2,"4":2,"5":1,"6":1,"7":2,"8":2,"9":2,"10":2,"11":1,"12":1,"13":1,"14":1,"15":1,"16":1,"17":1,"18":1,"19":0,"20":1,"21":1,"22":2,"23":2,"24":2,"25":1,"26":1,"27":1,"28":1,"29":1,"30":1,"31":1,"32":2,"33":2,"34":2,"35":1,"36":1,"37":1,"38":1,"39":1,"40":1,"41":1,"42":2,"43":2,"44":2,"45":1,"46":1,"47":1,"48":1,"49":1},"f":{"0":2,"1":2,"2":1,"3":2,"4":2,"5":2},"b":{"0":[1],"1":[1],"2":[1],"3":[1]}}
,"C:\\Users\\aleja\\OneDrive\\Escritorio\\Proyectos Personales\\Proyectos - Desplegados\\PERN - FullStack\\server\\src\\middleware\\index.ts": {"path":"C:\\Users\\aleja\\OneDrive\\Escritorio\\Proyectos Personales\\Proyectos - Desplegados\\PERN - FullStack\\server\\src\\middleware\\index.ts","statementMap":{"0":{"start":{"line":2,"column":0},"end":{"line":2,"column":53}},"1":{"start":{"line":4,"column":33},"end":{"line":12,"column":1}},"2":{"start":{"line":6,"column":17},"end":{"line":6,"column":38}},"3":{"start":{"line":7,"column":4},"end":{"line":10,"column":5}},"4":{"start":{"line":8,"column":8},"end":{"line":8,"column":57}},"5":{"start":{"line":9,"column":8},"end":{"line":9,"column":15}},"6":{"start":{"line":11,"column":4},"end":{"line":11,"column":11}},"7":{"start":{"line":4,"column":13},"end":{"line":4,"column":33}}},"fnMap":{"0":{"name":"(anonymous_0)","decl":{"start":{"line":4,"column":33},"end":{"line":4,"column":34}},"loc":{"start":{"line":4,"column":85},"end":{"line":12,"column":1}}}},"branchMap":{"0":{"loc":{"start":{"line":7,"column":4},"end":{"line":10,"column":5}},"type":"if","locations":[{"start":{"line":7,"column":4},"end":{"line":10,"column":5}}]}},"s":{"0":1,"1":1,"2":16,"3":16,"4":7,"5":7,"6":9,"7":1},"f":{"0":16},"b":{"0":[7]}}
,"C:\\Users\\aleja\\OneDrive\\Escritorio\\Proyectos Personales\\Proyectos - Desplegados\\PERN - FullStack\\server\\src\\models\\Product.model.ts": {"path":"C:\\Users\\aleja\\OneDrive\\Escritorio\\Proyectos Personales\\Proyectos - Desplegados\\PERN - FullStack\\server\\src\\models\\Product.model.ts","statementMap":{"0":{"start":{"line":1,"column":0},"end":{"line":1,"column":79}},"1":{"start":{"line":6,"column":0},"end":{"line":25,"column":null}},"2":{"start":{"line":11,"column":12},"end":{"line":11,"column":null}},"3":{"start":{"line":17,"column":12},"end":{"line":17,"column":null}},"4":{"start":{"line":24,"column":12},"end":{"line":24,"column":null}},"5":{"start":{"line":6,"column":6},"end":{"line":25,"column":null}},"6":{"start":{"line":27,"column":0},"end":{"line":27,"column":24}}},"fnMap":{},"branchMap":{},"s":{"0":1,"1":1,"2":1,"3":1,"4":1,"5":1,"6":1},"f":{},"b":{}}
}
