TN:
SF:src\router.ts
FN:149,(anonymous_0)
FN:213,(anonymous_1)
FNF:2
FNH:2
FNDA:3,(anonymous_0)
FNDA:5,(anonymous_1)
DA:1,1
DA:2,1
DA:3,1
DA:11,1
DA:13,1
DA:69,1
DA:100,1
DA:140,1
DA:149,3
DA:202,1
DA:213,5
DA:250,1
DA:288,1
DA:295,1
LF:14
LH:14
BRF:0
BRH:0
end_of_record
TN:
SF:src\server.ts
FN:10,conectarBD
FN:29,(anonymous_2)
FNF:2
FNH:2
FNDA:1,conectarBD
FNDA:18,(anonymous_2)
DA:1,1
DA:2,1
DA:3,1
DA:4,1
DA:5,1
DA:6,1
DA:7,1
DA:10,1
DA:11,1
DA:12,1
DA:13,1
DA:14,1
DA:15,1
DA:16,1
DA:18,0
DA:19,0
DA:20,0
DA:24,1
DA:25,1
DA:28,1
DA:30,18
DA:31,18
DA:33,0
DA:37,1
DA:40,1
DA:43,1
DA:46,1
LF:27
LH:23
BRDA:30,0,0,18
BRDA:30,0,1,0
BRDA:30,1,0,18
BRDA:30,1,1,18
BRF:4
BRH:3
end_of_record
TN:
SF:src\config\db.ts
FNF:0
FNH:0
DA:1,1
DA:2,1
DA:3,1
DA:5,1
DA:10,1
LF:5
LH:5
BRF:0
BRH:0
end_of_record
TN:
SF:src\config\swagger.ts
FNF:0
FNH:0
DA:1,1
DA:3,1
DA:22,1
DA:23,1
LF:4
LH:4
BRF:0
BRH:0
end_of_record
TN:
SF:src\handlers\products.ts
FN:4,(anonymous_1)
FN:14,(anonymous_2)
FN:32,(anonymous_3)
FN:64,(anonymous_4)
FN:81,(anonymous_5)
FN:96,(anonymous_6)
FNF:6
FNH:6
FNDA:2,(anonymous_1)
FNDA:2,(anonymous_2)
FNDA:1,(anonymous_3)
FNDA:2,(anonymous_4)
FNDA:2,(anonymous_5)
FNDA:2,(anonymous_6)
DA:2,1
DA:4,1
DA:5,2
DA:7,2
DA:10,2
DA:14,1
DA:15,2
DA:17,2
DA:18,2
DA:23,2
DA:24,1
DA:25,1
DA:28,1
DA:32,1
DA:56,1
DA:57,1
DA:58,1
DA:60,0
DA:64,1
DA:65,2
DA:67,2
DA:69,2
DA:70,1
DA:71,1
DA:75,1
DA:76,1
DA:78,1
DA:81,1
DA:82,2
DA:83,2
DA:85,2
DA:86,1
DA:87,1
DA:91,1
DA:92,1
DA:93,1
DA:96,1
DA:97,2
DA:98,2
DA:100,2
DA:101,1
DA:102,1
DA:106,1
DA:108,1
LF:44
LH:43
BRDA:23,0,0,1
BRDA:69,1,0,1
BRDA:85,2,0,1
BRDA:100,3,0,1
BRF:4
BRH:4
end_of_record
TN:
SF:src\middleware\index.ts
FN:4,(anonymous_0)
FNF:1
FNH:1
FNDA:16,(anonymous_0)
DA:2,1
DA:4,1
DA:6,16
DA:7,16
DA:8,7
DA:9,7
DA:11,9
LF:7
LH:7
BRDA:7,0,0,7
BRF:1
BRH:1
end_of_record
TN:
SF:src\models\Product.model.ts
FNF:0
FNH:0
DA:1,1
DA:6,1
DA:11,1
DA:17,1
DA:24,1
DA:27,1
LF:6
LH:6
BRF:0
BRH:0
end_of_record
